11:53:00.677 [restartedMain] INFO  c.e.r.RestaurantestimateApplication - Starting RestaurantestimateApplication using Java 17.0.8 on Mihail with PID 3220 (C:\Users\misha\restaurantestimate\target\classes started by misha in C:\Users\misha\restaurantestimate)
11:53:00.677 [restartedMain] INFO  c.e.r.RestaurantestimateApplication - No active profile set, falling back to 1 default profile: "default"
11:53:00.862 [restartedMain] INFO  o.s.d.r.c.RepositoryConfigurationDelegate - Bootstrapping Spring Data JPA repositories in DEFAULT mode.
11:53:00.898 [restartedMain] INFO  o.s.d.r.c.RepositoryConfigurationDelegate - Finished Spring Data repository scanning in 35 ms. Found 7 JPA repository interfaces.
11:53:00.968 [restartedMain] INFO  o.s.b.w.e.tomcat.TomcatWebServer - Tomcat initialized with port(s): 8080 (http)
11:53:00.970 [restartedMain] INFO  o.a.catalina.core.StandardService - Starting service [Tomcat]
11:53:00.970 [restartedMain] INFO  o.a.catalina.core.StandardEngine - Starting Servlet engine: [Apache Tomcat/9.0.79]
11:53:00.986 [restartedMain] INFO  o.a.c.c.C.[Tomcat].[localhost].[/] - Initializing Spring embedded WebApplicationContext
11:53:00.986 [restartedMain] INFO  o.s.b.w.s.c.ServletWebServerApplicationContext - Root WebApplicationContext: initialization completed in 308 ms
11:53:01.018 [restartedMain] INFO  o.h.jpa.internal.util.LogHelper - HHH000204: Processing PersistenceUnitInfo [name: default]
11:53:01.024 [restartedMain] INFO  com.zaxxer.hikari.HikariDataSource - HikariPool-4 - Starting...
11:53:02.410 [restartedMain] INFO  com.zaxxer.hikari.HikariDataSource - HikariPool-4 - Start completed.
11:53:02.410 [restartedMain] INFO  org.hibernate.dialect.Dialect - HHH000400: Using dialect: org.hibernate.dialect.PostgreSQLDialect
11:53:02.672 [restartedMain] INFO  o.h.s.m.o.b.i.HibernateSearchIntegrator - HSEARCH000034: Hibernate Search version 6.0.5.Final
11:53:06.306 [restartedMain] INFO  o.h.e.t.j.p.i.JtaPlatformInitiator - HHH000490: Using JtaPlatform implementation: [org.hibernate.engine.transaction.jta.platform.internal.NoJtaPlatform]
11:53:06.317 [restartedMain] WARN  o.h.s.b.l.impl.LuceneBackendFactory - HSEARCH000075: Missing value for configuration property 'hibernate.search.backend.lucene_version': using LATEST (currently '8.7.0'). Context: default backend
11:53:06.319 [restartedMain] INFO  o.s.o.j.LocalContainerEntityManagerFactoryBean - Initialized JPA EntityManagerFactory for persistence unit 'default'
11:53:06.558 [restartedMain] INFO  o.s.s.web.DefaultSecurityFilterChain - Will secure any request with [org.springframework.security.web.session.DisableEncodeUrlFilter@69bc67f0, org.springframework.security.web.context.request.async.WebAsyncManagerIntegrationFilter@3bdcb2f, org.springframework.security.web.context.SecurityContextPersistenceFilter@18faaa8c, org.springframework.security.web.header.HeaderWriterFilter@513e80d5, org.springframework.web.filter.CorsFilter@3e9912ff, org.springframework.security.web.authentication.logout.LogoutFilter@183e5aa2, com.example.restaurantestimate.jwt.JwtAuthenticationFilter@f3f715d, com.example.restaurantestimate.exceptions.ExceptionFilter@2f9bf2cb, org.springframework.security.web.savedrequest.RequestCacheAwareFilter@16e88b51, org.springframework.security.web.servletapi.SecurityContextHolderAwareRequestFilter@33f59971, org.springframework.security.web.authentication.AnonymousAuthenticationFilter@15bbb24e, org.springframework.security.web.session.SessionManagementFilter@7c234db5, org.springframework.security.web.access.ExceptionTranslationFilter@70efce6c, org.springframework.security.web.access.intercept.AuthorizationFilter@557fcecc]
11:53:06.590 [restartedMain] WARN  o.s.b.a.o.j.JpaBaseConfiguration$JpaWebConfiguration - spring.jpa.open-in-view is enabled by default. Therefore, database queries may be performed during view rendering. Explicitly configure spring.jpa.open-in-view to disable this warning
11:53:06.811 [restartedMain] INFO  o.s.b.d.a.OptionalLiveReloadServer - LiveReload server is running on port 35729
11:53:06.821 [restartedMain] INFO  o.s.b.w.e.tomcat.TomcatWebServer - Tomcat started on port(s): 8080 (http) with context path ''
11:53:06.825 [restartedMain] INFO  c.e.r.RestaurantestimateApplication - Started RestaurantestimateApplication in 6.167 seconds (JVM running for 221.573)
11:53:06.826 [restartedMain] INFO  o.s.b.d.a.ConditionEvaluationDeltaLoggingListener - Condition evaluation unchanged
11:53:37.117 [File Watcher] INFO  o.s.b.d.a.LocalDevToolsAutoConfiguration$RestartingClassPathChangeChangedEventListener - Restarting due to 1 class path change (0 additions, 0 deletions, 1 modification)
11:53:37.128 [Thread-17] INFO  o.a.catalina.core.StandardService - Stopping service [Tomcat]
11:53:37.129 [Thread-17] WARN  o.a.c.loader.WebappClassLoaderBase - The web application [ROOT] appears to have started a thread named [HikariPool-4 housekeeper] but has failed to stop it. This is very likely to create a memory leak. Stack trace of thread:
 java.base@17.0.8/jdk.internal.misc.Unsafe.park(Native Method)
 java.base@17.0.8/java.util.concurrent.locks.LockSupport.parkNanos(LockSupport.java:252)
 java.base@17.0.8/java.util.concurrent.locks.AbstractQueuedSynchronizer$ConditionObject.awaitNanos(AbstractQueuedSynchronizer.java:1672)
 java.base@17.0.8/java.util.concurrent.ScheduledThreadPoolExecutor$DelayedWorkQueue.take(ScheduledThreadPoolExecutor.java:1182)
 java.base@17.0.8/java.util.concurrent.ScheduledThreadPoolExecutor$DelayedWorkQueue.take(ScheduledThreadPoolExecutor.java:899)
 java.base@17.0.8/java.util.concurrent.ThreadPoolExecutor.getTask(ThreadPoolExecutor.java:1062)
 java.base@17.0.8/java.util.concurrent.ThreadPoolExecutor.runWorker(ThreadPoolExecutor.java:1122)
 java.base@17.0.8/java.util.concurrent.ThreadPoolExecutor$Worker.run(ThreadPoolExecutor.java:635)
 java.base@17.0.8/java.lang.Thread.run(Thread.java:833)
11:53:37.130 [Thread-17] WARN  o.a.c.loader.WebappClassLoaderBase - The web application [ROOT] appears to have started a thread named [Hibernate Search - Engine - Timing thread - 0] but has failed to stop it. This is very likely to create a memory leak. Stack trace of thread:
 java.base@17.0.8/jdk.internal.misc.Unsafe.park(Native Method)
 java.base@17.0.8/java.util.concurrent.locks.LockSupport.parkNanos(LockSupport.java:252)
 java.base@17.0.8/java.util.concurrent.locks.AbstractQueuedSynchronizer$ConditionObject.awaitNanos(AbstractQueuedSynchronizer.java:1672)
 java.base@17.0.8/java.util.concurrent.ScheduledThreadPoolExecutor$DelayedWorkQueue.take(ScheduledThreadPoolExecutor.java:1182)
 java.base@17.0.8/java.util.concurrent.ScheduledThreadPoolExecutor$DelayedWorkQueue.take(ScheduledThreadPoolExecutor.java:899)
 java.base@17.0.8/java.util.concurrent.ThreadPoolExecutor.getTask(ThreadPoolExecutor.java:1062)
 java.base@17.0.8/java.util.concurrent.ThreadPoolExecutor.runWorker(ThreadPoolExecutor.java:1122)
 java.base@17.0.8/java.util.concurrent.ThreadPoolExecutor$Worker.run(ThreadPoolExecutor.java:635)
 java.base@17.0.8/java.lang.Thread.run(Thread.java:833)
11:53:37.131 [Thread-17] WARN  o.a.c.loader.WebappClassLoaderBase - The web application [ROOT] appears to have started a thread named [Hibernate Search - default backend - Worker thread - 0] but has failed to stop it. This is very likely to create a memory leak. Stack trace of thread:
 java.base@17.0.8/jdk.internal.misc.Unsafe.park(Native Method)
 java.base@17.0.8/java.util.concurrent.locks.LockSupport.park(LockSupport.java:341)
 java.base@17.0.8/java.util.concurrent.locks.AbstractQueuedSynchronizer$ConditionNode.block(AbstractQueuedSynchronizer.java:506)
 java.base@17.0.8/java.util.concurrent.ForkJoinPool.unmanagedBlock(ForkJoinPool.java:3465)
 java.base@17.0.8/java.util.concurrent.ForkJoinPool.managedBlock(ForkJoinPool.java:3436)
 java.base@17.0.8/java.util.concurrent.locks.AbstractQueuedSynchronizer$ConditionObject.await(AbstractQueuedSynchronizer.java:1623)
 java.base@17.0.8/java.util.concurrent.ScheduledThreadPoolExecutor$DelayedWorkQueue.take(ScheduledThreadPoolExecutor.java:1170)
 java.base@17.0.8/java.util.concurrent.ScheduledThreadPoolExecutor$DelayedWorkQueue.take(ScheduledThreadPoolExecutor.java:899)
 java.base@17.0.8/java.util.concurrent.ThreadPoolExecutor.getTask(ThreadPoolExecutor.java:1062)
 java.base@17.0.8/java.util.concurrent.ThreadPoolExecutor.runWorker(ThreadPoolExecutor.java:1122)
 java.base@17.0.8/java.util.concurrent.ThreadPoolExecutor$Worker.run(ThreadPoolExecutor.java:635)
 java.base@17.0.8/java.lang.Thread.run(Thread.java:833)
11:53:37.134 [Thread-17] INFO  o.s.o.j.LocalContainerEntityManagerFactoryBean - Closing JPA EntityManagerFactory for persistence unit 'default'
11:53:37.134 [Thread-17] INFO  com.zaxxer.hikari.HikariDataSource - HikariPool-4 - Shutdown initiated...
11:53:37.747 [Thread-17] INFO  com.zaxxer.hikari.HikariDataSource - HikariPool-4 - Shutdown completed.
11:53:37.810 [restartedMain] INFO  c.e.r.RestaurantestimateApplication - Starting RestaurantestimateApplication using Java 17.0.8 on Mihail with PID 3220 (C:\Users\misha\restaurantestimate\target\classes started by misha in C:\Users\misha\restaurantestimate)
11:53:37.810 [restartedMain] INFO  c.e.r.RestaurantestimateApplication - No active profile set, falling back to 1 default profile: "default"
11:53:37.994 [restartedMain] INFO  o.s.d.r.c.RepositoryConfigurationDelegate - Bootstrapping Spring Data JPA repositories in DEFAULT mode.
11:53:38.029 [restartedMain] INFO  o.s.d.r.c.RepositoryConfigurationDelegate - Finished Spring Data repository scanning in 34 ms. Found 7 JPA repository interfaces.
11:53:38.099 [restartedMain] INFO  o.s.b.w.e.tomcat.TomcatWebServer - Tomcat initialized with port(s): 8080 (http)
11:53:38.099 [restartedMain] INFO  o.a.catalina.core.StandardService - Starting service [Tomcat]
11:53:38.099 [restartedMain] INFO  o.a.catalina.core.StandardEngine - Starting Servlet engine: [Apache Tomcat/9.0.79]
11:53:38.121 [restartedMain] INFO  o.a.c.c.C.[Tomcat].[localhost].[/] - Initializing Spring embedded WebApplicationContext
11:53:38.121 [restartedMain] INFO  o.s.b.w.s.c.ServletWebServerApplicationContext - Root WebApplicationContext: initialization completed in 309 ms
11:53:38.151 [restartedMain] INFO  o.h.jpa.internal.util.LogHelper - HHH000204: Processing PersistenceUnitInfo [name: default]
11:53:38.157 [restartedMain] INFO  com.zaxxer.hikari.HikariDataSource - HikariPool-5 - Starting...
11:53:39.611 [restartedMain] INFO  com.zaxxer.hikari.HikariDataSource - HikariPool-5 - Start completed.
11:53:39.611 [restartedMain] INFO  org.hibernate.dialect.Dialect - HHH000400: Using dialect: org.hibernate.dialect.PostgreSQLDialect
11:53:39.871 [restartedMain] INFO  o.h.s.m.o.b.i.HibernateSearchIntegrator - HSEARCH000034: Hibernate Search version 6.0.5.Final
11:53:43.473 [restartedMain] INFO  o.h.e.t.j.p.i.JtaPlatformInitiator - HHH000490: Using JtaPlatform implementation: [org.hibernate.engine.transaction.jta.platform.internal.NoJtaPlatform]
11:53:43.482 [restartedMain] WARN  o.h.s.b.l.impl.LuceneBackendFactory - HSEARCH000075: Missing value for configuration property 'hibernate.search.backend.lucene_version': using LATEST (currently '8.7.0'). Context: default backend
11:53:43.485 [restartedMain] INFO  o.s.o.j.LocalContainerEntityManagerFactoryBean - Initialized JPA EntityManagerFactory for persistence unit 'default'
11:53:43.726 [restartedMain] INFO  o.s.s.web.DefaultSecurityFilterChain - Will secure any request with [org.springframework.security.web.session.DisableEncodeUrlFilter@49a35fd3, org.springframework.security.web.context.request.async.WebAsyncManagerIntegrationFilter@5c323a1f, org.springframework.security.web.context.SecurityContextPersistenceFilter@6147e7b4, org.springframework.security.web.header.HeaderWriterFilter@56136e20, org.springframework.web.filter.CorsFilter@7a49cb73, org.springframework.security.web.authentication.logout.LogoutFilter@16c07880, com.example.restaurantestimate.jwt.JwtAuthenticationFilter@3d7d20b, com.example.restaurantestimate.exceptions.ExceptionFilter@39e4d5f8, org.springframework.security.web.savedrequest.RequestCacheAwareFilter@764f04d9, org.springframework.security.web.servletapi.SecurityContextHolderAwareRequestFilter@3be0165e, org.springframework.security.web.authentication.AnonymousAuthenticationFilter@2a90bd3b, org.springframework.security.web.session.SessionManagementFilter@73e002f7, org.springframework.security.web.access.ExceptionTranslationFilter@615ed835, org.springframework.security.web.access.intercept.AuthorizationFilter@234e78f1]
11:53:43.757 [restartedMain] WARN  o.s.b.a.o.j.JpaBaseConfiguration$JpaWebConfiguration - spring.jpa.open-in-view is enabled by default. Therefore, database queries may be performed during view rendering. Explicitly configure spring.jpa.open-in-view to disable this warning
11:53:43.972 [restartedMain] INFO  o.s.b.d.a.OptionalLiveReloadServer - LiveReload server is running on port 35729
11:53:43.983 [restartedMain] INFO  o.s.b.w.e.tomcat.TomcatWebServer - Tomcat started on port(s): 8080 (http) with context path ''
11:53:43.986 [restartedMain] INFO  c.e.r.RestaurantestimateApplication - Started RestaurantestimateApplication in 6.194 seconds (JVM running for 258.735)
11:53:43.987 [restartedMain] INFO  o.s.b.d.a.ConditionEvaluationDeltaLoggingListener - Condition evaluation unchanged
11:53:47.212 [http-nio-8080-exec-2] INFO  o.a.c.c.C.[Tomcat].[localhost].[/] - Initializing Spring DispatcherServlet 'dispatcherServlet'
11:53:47.212 [http-nio-8080-exec-2] INFO  o.s.web.servlet.DispatcherServlet - Initializing Servlet 'dispatcherServlet'
11:53:47.213 [http-nio-8080-exec-2] INFO  o.s.web.servlet.DispatcherServlet - Completed initialization in 1 ms
11:53:49.188 [http-nio-8080-exec-2] ERROR c.e.r.services.RestaurantService - Ресурс не найден: Not Found
12:14:09.777 [File Watcher] INFO  o.s.b.d.a.LocalDevToolsAutoConfiguration$RestartingClassPathChangeChangedEventListener - Restarting due to 1 class path change (0 additions, 1 deletion, 0 modifications)
12:14:09.792 [Thread-21] INFO  o.a.catalina.core.StandardService - Stopping service [Tomcat]
12:14:09.793 [Thread-21] INFO  o.a.c.c.C.[Tomcat].[localhost].[/] - Destroying Spring FrameworkServlet 'dispatcherServlet'
12:14:09.794 [Thread-21] WARN  o.a.c.loader.WebappClassLoaderBase - The web application [ROOT] appears to have started a thread named [HikariPool-5 housekeeper] but has failed to stop it. This is very likely to create a memory leak. Stack trace of thread:
 java.base@17.0.8/jdk.internal.misc.Unsafe.park(Native Method)
 java.base@17.0.8/java.util.concurrent.locks.LockSupport.parkNanos(LockSupport.java:252)
 java.base@17.0.8/java.util.concurrent.locks.AbstractQueuedSynchronizer$ConditionObject.awaitNanos(AbstractQueuedSynchronizer.java:1672)
 java.base@17.0.8/java.util.concurrent.ScheduledThreadPoolExecutor$DelayedWorkQueue.take(ScheduledThreadPoolExecutor.java:1182)
 java.base@17.0.8/java.util.concurrent.ScheduledThreadPoolExecutor$DelayedWorkQueue.take(ScheduledThreadPoolExecutor.java:899)
 java.base@17.0.8/java.util.concurrent.ThreadPoolExecutor.getTask(ThreadPoolExecutor.java:1062)
 java.base@17.0.8/java.util.concurrent.ThreadPoolExecutor.runWorker(ThreadPoolExecutor.java:1122)
 java.base@17.0.8/java.util.concurrent.ThreadPoolExecutor$Worker.run(ThreadPoolExecutor.java:635)
 java.base@17.0.8/java.lang.Thread.run(Thread.java:833)
12:14:09.795 [Thread-21] WARN  o.a.c.loader.WebappClassLoaderBase - The web application [ROOT] appears to have started a thread named [Hibernate Search - Engine - Timing thread - 0] but has failed to stop it. This is very likely to create a memory leak. Stack trace of thread:
 java.base@17.0.8/jdk.internal.misc.Unsafe.park(Native Method)
 java.base@17.0.8/java.util.concurrent.locks.LockSupport.parkNanos(LockSupport.java:252)
 java.base@17.0.8/java.util.concurrent.locks.AbstractQueuedSynchronizer$ConditionObject.awaitNanos(AbstractQueuedSynchronizer.java:1672)
 java.base@17.0.8/java.util.concurrent.ScheduledThreadPoolExecutor$DelayedWorkQueue.take(ScheduledThreadPoolExecutor.java:1182)
 java.base@17.0.8/java.util.concurrent.ScheduledThreadPoolExecutor$DelayedWorkQueue.take(ScheduledThreadPoolExecutor.java:899)
 java.base@17.0.8/java.util.concurrent.ThreadPoolExecutor.getTask(ThreadPoolExecutor.java:1062)
 java.base@17.0.8/java.util.concurrent.ThreadPoolExecutor.runWorker(ThreadPoolExecutor.java:1122)
 java.base@17.0.8/java.util.concurrent.ThreadPoolExecutor$Worker.run(ThreadPoolExecutor.java:635)
 java.base@17.0.8/java.lang.Thread.run(Thread.java:833)
12:14:09.795 [Thread-21] WARN  o.a.c.loader.WebappClassLoaderBase - The web application [ROOT] appears to have started a thread named [Hibernate Search - default backend - Worker thread - 0] but has failed to stop it. This is very likely to create a memory leak. Stack trace of thread:
 java.base@17.0.8/jdk.internal.misc.Unsafe.park(Native Method)
 java.base@17.0.8/java.util.concurrent.locks.LockSupport.park(LockSupport.java:341)
 java.base@17.0.8/java.util.concurrent.locks.AbstractQueuedSynchronizer$ConditionNode.block(AbstractQueuedSynchronizer.java:506)
 java.base@17.0.8/java.util.concurrent.ForkJoinPool.unmanagedBlock(ForkJoinPool.java:3465)
 java.base@17.0.8/java.util.concurrent.ForkJoinPool.managedBlock(ForkJoinPool.java:3436)
 java.base@17.0.8/java.util.concurrent.locks.AbstractQueuedSynchronizer$ConditionObject.await(AbstractQueuedSynchronizer.java:1623)
 java.base@17.0.8/java.util.concurrent.ScheduledThreadPoolExecutor$DelayedWorkQueue.take(ScheduledThreadPoolExecutor.java:1170)
 java.base@17.0.8/java.util.concurrent.ScheduledThreadPoolExecutor$DelayedWorkQueue.take(ScheduledThreadPoolExecutor.java:899)
 java.base@17.0.8/java.util.concurrent.ThreadPoolExecutor.getTask(ThreadPoolExecutor.java:1062)
 java.base@17.0.8/java.util.concurrent.ThreadPoolExecutor.runWorker(ThreadPoolExecutor.java:1122)
 java.base@17.0.8/java.util.concurrent.ThreadPoolExecutor$Worker.run(ThreadPoolExecutor.java:635)
 java.base@17.0.8/java.lang.Thread.run(Thread.java:833)
12:14:09.799 [Thread-21] INFO  o.s.o.j.LocalContainerEntityManagerFactoryBean - Closing JPA EntityManagerFactory for persistence unit 'default'
12:14:09.800 [Thread-21] INFO  com.zaxxer.hikari.HikariDataSource - HikariPool-5 - Shutdown initiated...
12:14:10.407 [Thread-21] INFO  com.zaxxer.hikari.HikariDataSource - HikariPool-5 - Shutdown completed.
12:14:10.496 [restartedMain] INFO  c.e.r.RestaurantestimateApplication - Starting RestaurantestimateApplication using Java 17.0.8 on Mihail with PID 3220 (C:\Users\misha\restaurantestimate\target\classes started by misha in C:\Users\misha\restaurantestimate)
12:14:10.496 [restartedMain] INFO  c.e.r.RestaurantestimateApplication - No active profile set, falling back to 1 default profile: "default"
12:14:10.839 [restartedMain] INFO  o.s.d.r.c.RepositoryConfigurationDelegate - Bootstrapping Spring Data JPA repositories in DEFAULT mode.
12:14:10.876 [restartedMain] INFO  o.s.d.r.c.RepositoryConfigurationDelegate - Finished Spring Data repository scanning in 36 ms. Found 7 JPA repository interfaces.
12:14:10.969 [restartedMain] INFO  o.s.b.w.e.tomcat.TomcatWebServer - Tomcat initialized with port(s): 8080 (http)
12:14:10.970 [restartedMain] INFO  o.a.catalina.core.StandardService - Starting service [Tomcat]
12:14:10.970 [restartedMain] INFO  o.a.catalina.core.StandardEngine - Starting Servlet engine: [Apache Tomcat/9.0.79]
12:14:10.987 [restartedMain] INFO  o.a.c.c.C.[Tomcat].[localhost].[/] - Initializing Spring embedded WebApplicationContext
12:14:10.988 [restartedMain] INFO  o.s.b.w.s.c.ServletWebServerApplicationContext - Root WebApplicationContext: initialization completed in 489 ms
12:14:11.028 [restartedMain] INFO  o.h.jpa.internal.util.LogHelper - HHH000204: Processing PersistenceUnitInfo [name: default]
12:14:11.036 [restartedMain] INFO  com.zaxxer.hikari.HikariDataSource - HikariPool-6 - Starting...
12:14:12.510 [restartedMain] INFO  com.zaxxer.hikari.HikariDataSource - HikariPool-6 - Start completed.
12:14:12.510 [restartedMain] INFO  org.hibernate.dialect.Dialect - HHH000400: Using dialect: org.hibernate.dialect.PostgreSQLDialect
12:14:12.772 [restartedMain] INFO  o.h.s.m.o.b.i.HibernateSearchIntegrator - HSEARCH000034: Hibernate Search version 6.0.5.Final
12:14:16.395 [restartedMain] INFO  o.h.e.t.j.p.i.JtaPlatformInitiator - HHH000490: Using JtaPlatform implementation: [org.hibernate.engine.transaction.jta.platform.internal.NoJtaPlatform]
12:14:16.411 [restartedMain] WARN  o.h.s.b.l.impl.LuceneBackendFactory - HSEARCH000075: Missing value for configuration property 'hibernate.search.backend.lucene_version': using LATEST (currently '8.7.0'). Context: default backend
12:14:16.415 [restartedMain] INFO  o.s.o.j.LocalContainerEntityManagerFactoryBean - Initialized JPA EntityManagerFactory for persistence unit 'default'
12:14:16.679 [restartedMain] INFO  o.s.s.web.DefaultSecurityFilterChain - Will secure any request with [org.springframework.security.web.session.DisableEncodeUrlFilter@2ec6ec83, org.springframework.security.web.context.request.async.WebAsyncManagerIntegrationFilter@3abea278, org.springframework.security.web.context.SecurityContextPersistenceFilter@5664facf, org.springframework.security.web.header.HeaderWriterFilter@3bfe666d, org.springframework.web.filter.CorsFilter@64a6768e, org.springframework.security.web.authentication.logout.LogoutFilter@34540704, com.example.restaurantestimate.jwt.JwtAuthenticationFilter@7cc592c4, com.example.restaurantestimate.exceptions.ExceptionFilter@4656bcc4, org.springframework.security.web.savedrequest.RequestCacheAwareFilter@7ecdbcb6, org.springframework.security.web.servletapi.SecurityContextHolderAwareRequestFilter@36c8600c, org.springframework.security.web.authentication.AnonymousAuthenticationFilter@21ff370e, org.springframework.security.web.session.SessionManagementFilter@6642bdcb, org.springframework.security.web.access.ExceptionTranslationFilter@5c6e8df8, org.springframework.security.web.access.intercept.AuthorizationFilter@5252f9c5]
12:14:16.724 [restartedMain] WARN  o.s.b.a.o.j.JpaBaseConfiguration$JpaWebConfiguration - spring.jpa.open-in-view is enabled by default. Therefore, database queries may be performed during view rendering. Explicitly configure spring.jpa.open-in-view to disable this warning
12:14:16.980 [restartedMain] INFO  o.s.b.d.a.OptionalLiveReloadServer - LiveReload server is running on port 35729
12:14:16.993 [restartedMain] INFO  o.s.b.w.e.tomcat.TomcatWebServer - Tomcat started on port(s): 8080 (http) with context path ''
12:14:16.996 [restartedMain] INFO  c.e.r.RestaurantestimateApplication - Started RestaurantestimateApplication in 6.535 seconds (JVM running for 1491.744)
12:14:16.997 [restartedMain] INFO  o.s.b.d.a.ConditionEvaluationDeltaLoggingListener - Condition evaluation unchanged
12:26:16.921 [SpringApplicationShutdownHook] INFO  o.s.o.j.LocalContainerEntityManagerFactoryBean - Closing JPA EntityManagerFactory for persistence unit 'default'
12:26:16.921 [SpringApplicationShutdownHook] INFO  com.zaxxer.hikari.HikariDataSource - HikariPool-6 - Shutdown initiated...
12:26:17.542 [SpringApplicationShutdownHook] INFO  com.zaxxer.hikari.HikariDataSource - HikariPool-6 - Shutdown completed.
12:26:22.016 [restartedMain] INFO  c.e.r.RestaurantestimateApplication - Starting RestaurantestimateApplication using Java 17.0.8 on Mihail with PID 14644 (C:\Users\misha\restaurantestimate\target\classes started by misha in C:\Users\misha\restaurantestimate)
12:26:22.019 [restartedMain] INFO  c.e.r.RestaurantestimateApplication - No active profile set, falling back to 1 default profile: "default"
12:26:22.064 [restartedMain] INFO  o.s.b.d.e.DevToolsPropertyDefaultsPostProcessor - Devtools property defaults active! Set 'spring.devtools.add-properties' to 'false' to disable
12:26:22.064 [restartedMain] INFO  o.s.b.d.e.DevToolsPropertyDefaultsPostProcessor - For additional web related logging consider setting the 'logging.level.web' property to 'DEBUG'
12:26:22.754 [restartedMain] INFO  o.s.d.r.c.RepositoryConfigurationDelegate - Bootstrapping Spring Data JPA repositories in DEFAULT mode.
12:26:22.834 [restartedMain] INFO  o.s.d.r.c.RepositoryConfigurationDelegate - Finished Spring Data repository scanning in 72 ms. Found 7 JPA repository interfaces.
12:26:23.408 [restartedMain] INFO  o.s.b.w.e.tomcat.TomcatWebServer - Tomcat initialized with port(s): 8080 (http)
12:26:23.415 [restartedMain] INFO  o.a.coyote.http11.Http11NioProtocol - Initializing ProtocolHandler ["http-nio-8080"]
12:26:23.416 [restartedMain] INFO  o.a.catalina.core.StandardService - Starting service [Tomcat]
12:26:23.416 [restartedMain] INFO  o.a.catalina.core.StandardEngine - Starting Servlet engine: [Apache Tomcat/9.0.79]
12:26:23.509 [restartedMain] INFO  o.a.c.c.C.[Tomcat].[localhost].[/] - Initializing Spring embedded WebApplicationContext
12:26:23.509 [restartedMain] INFO  o.s.b.w.s.c.ServletWebServerApplicationContext - Root WebApplicationContext: initialization completed in 1445 ms
12:26:23.664 [restartedMain] INFO  o.h.jpa.internal.util.LogHelper - HHH000204: Processing PersistenceUnitInfo [name: default]
12:26:23.714 [restartedMain] INFO  org.hibernate.Version - HHH000412: Hibernate ORM core version 5.6.15.Final
12:26:23.856 [restartedMain] INFO  o.h.annotations.common.Version - HCANN000001: Hibernate Commons Annotations {5.1.2.Final}
12:26:23.964 [restartedMain] INFO  com.zaxxer.hikari.HikariDataSource - HikariPool-1 - Starting...
12:26:25.635 [restartedMain] INFO  com.zaxxer.hikari.HikariDataSource - HikariPool-1 - Start completed.
12:26:25.648 [restartedMain] INFO  org.hibernate.dialect.Dialect - HHH000400: Using dialect: org.hibernate.dialect.PostgreSQLDialect
12:26:26.104 [restartedMain] INFO  o.h.s.m.o.b.i.HibernateSearchIntegrator - HSEARCH000034: Hibernate Search version 6.0.5.Final
12:26:30.139 [restartedMain] INFO  o.h.e.t.j.p.i.JtaPlatformInitiator - HHH000490: Using JtaPlatform implementation: [org.hibernate.engine.transaction.jta.platform.internal.NoJtaPlatform]
12:26:30.302 [restartedMain] WARN  o.h.s.b.l.impl.LuceneBackendFactory - HSEARCH000075: Missing value for configuration property 'hibernate.search.backend.lucene_version': using LATEST (currently '8.7.0'). Context: default backend
12:26:30.491 [restartedMain] INFO  o.s.o.j.LocalContainerEntityManagerFactoryBean - Initialized JPA EntityManagerFactory for persistence unit 'default'
12:26:31.254 [restartedMain] INFO  o.s.s.web.DefaultSecurityFilterChain - Will secure any request with [org.springframework.security.web.session.DisableEncodeUrlFilter@30683c01, org.springframework.security.web.context.request.async.WebAsyncManagerIntegrationFilter@378e437, org.springframework.security.web.context.SecurityContextPersistenceFilter@290ccaa6, org.springframework.security.web.header.HeaderWriterFilter@4950294c, org.springframework.web.filter.CorsFilter@1e68baf3, org.springframework.security.web.authentication.logout.LogoutFilter@23cc5d36, com.example.restaurantestimate.jwt.JwtAuthenticationFilter@243d084a, com.example.restaurantestimate.exceptions.ExceptionFilter@36d78690, org.springframework.security.web.savedrequest.RequestCacheAwareFilter@245e2113, org.springframework.security.web.servletapi.SecurityContextHolderAwareRequestFilter@3a0959f4, org.springframework.security.web.authentication.AnonymousAuthenticationFilter@7bd99870, org.springframework.security.web.session.SessionManagementFilter@14e9276f, org.springframework.security.web.access.ExceptionTranslationFilter@15fff6b6, org.springframework.security.web.access.intercept.AuthorizationFilter@7d49dd56]
12:26:31.401 [restartedMain] WARN  o.s.b.a.o.j.JpaBaseConfiguration$JpaWebConfiguration - spring.jpa.open-in-view is enabled by default. Therefore, database queries may be performed during view rendering. Explicitly configure spring.jpa.open-in-view to disable this warning
12:26:32.275 [restartedMain] INFO  o.s.b.d.a.OptionalLiveReloadServer - LiveReload server is running on port 35729
12:26:32.297 [restartedMain] INFO  o.a.coyote.http11.Http11NioProtocol - Starting ProtocolHandler ["http-nio-8080"]
12:26:32.319 [restartedMain] INFO  o.s.b.w.e.tomcat.TomcatWebServer - Tomcat started on port(s): 8080 (http) with context path ''
12:26:32.330 [restartedMain] INFO  c.e.r.RestaurantestimateApplication - Started RestaurantestimateApplication in 10.603 seconds (JVM running for 11.317)
12:27:06.545 [http-nio-8080-exec-2] INFO  o.a.c.c.C.[Tomcat].[localhost].[/] - Initializing Spring DispatcherServlet 'dispatcherServlet'
12:27:06.545 [http-nio-8080-exec-2] INFO  o.s.web.servlet.DispatcherServlet - Initializing Servlet 'dispatcherServlet'
12:27:06.546 [http-nio-8080-exec-2] INFO  o.s.web.servlet.DispatcherServlet - Completed initialization in 0 ms
12:27:08.030 [http-nio-8080-exec-2] ERROR c.e.r.services.RestaurantService - Ошибка HTTP: Bad Request
12:27:32.450 [SpringApplicationShutdownHook] INFO  o.s.o.j.LocalContainerEntityManagerFactoryBean - Closing JPA EntityManagerFactory for persistence unit 'default'
12:27:32.464 [SpringApplicationShutdownHook] INFO  com.zaxxer.hikari.HikariDataSource - HikariPool-1 - Shutdown initiated...
12:27:33.082 [SpringApplicationShutdownHook] INFO  com.zaxxer.hikari.HikariDataSource - HikariPool-1 - Shutdown completed.
12:27:35.200 [restartedMain] INFO  c.e.r.RestaurantestimateApplication - Starting RestaurantestimateApplication using Java 17.0.8 on Mihail with PID 12228 (C:\Users\misha\restaurantestimate\target\classes started by misha in C:\Users\misha\restaurantestimate)
12:27:35.202 [restartedMain] INFO  c.e.r.RestaurantestimateApplication - No active profile set, falling back to 1 default profile: "default"
12:27:35.250 [restartedMain] INFO  o.s.b.d.e.DevToolsPropertyDefaultsPostProcessor - Devtools property defaults active! Set 'spring.devtools.add-properties' to 'false' to disable
12:27:35.250 [restartedMain] INFO  o.s.b.d.e.DevToolsPropertyDefaultsPostProcessor - For additional web related logging consider setting the 'logging.level.web' property to 'DEBUG'
12:27:35.942 [restartedMain] INFO  o.s.d.r.c.RepositoryConfigurationDelegate - Bootstrapping Spring Data JPA repositories in DEFAULT mode.
12:27:36.022 [restartedMain] INFO  o.s.d.r.c.RepositoryConfigurationDelegate - Finished Spring Data repository scanning in 73 ms. Found 7 JPA repository interfaces.
12:27:36.566 [restartedMain] INFO  o.s.b.w.e.tomcat.TomcatWebServer - Tomcat initialized with port(s): 8080 (http)
12:27:36.572 [restartedMain] INFO  o.a.coyote.http11.Http11NioProtocol - Initializing ProtocolHandler ["http-nio-8080"]
12:27:36.574 [restartedMain] INFO  o.a.catalina.core.StandardService - Starting service [Tomcat]
12:27:36.574 [restartedMain] INFO  o.a.catalina.core.StandardEngine - Starting Servlet engine: [Apache Tomcat/9.0.79]
12:27:36.660 [restartedMain] INFO  o.a.c.c.C.[Tomcat].[localhost].[/] - Initializing Spring embedded WebApplicationContext
12:27:36.661 [restartedMain] INFO  o.s.b.w.s.c.ServletWebServerApplicationContext - Root WebApplicationContext: initialization completed in 1411 ms
12:27:36.816 [restartedMain] INFO  o.h.jpa.internal.util.LogHelper - HHH000204: Processing PersistenceUnitInfo [name: default]
12:27:36.864 [restartedMain] INFO  org.hibernate.Version - HHH000412: Hibernate ORM core version 5.6.15.Final
12:27:36.983 [restartedMain] INFO  o.h.annotations.common.Version - HCANN000001: Hibernate Commons Annotations {5.1.2.Final}
12:27:37.061 [restartedMain] INFO  com.zaxxer.hikari.HikariDataSource - HikariPool-1 - Starting...
12:27:38.636 [restartedMain] INFO  com.zaxxer.hikari.HikariDataSource - HikariPool-1 - Start completed.
12:27:38.648 [restartedMain] INFO  org.hibernate.dialect.Dialect - HHH000400: Using dialect: org.hibernate.dialect.PostgreSQLDialect
12:27:39.113 [restartedMain] INFO  o.h.s.m.o.b.i.HibernateSearchIntegrator - HSEARCH000034: Hibernate Search version 6.0.5.Final
12:27:43.220 [restartedMain] INFO  o.h.e.t.j.p.i.JtaPlatformInitiator - HHH000490: Using JtaPlatform implementation: [org.hibernate.engine.transaction.jta.platform.internal.NoJtaPlatform]
12:27:43.340 [restartedMain] WARN  o.h.s.b.l.impl.LuceneBackendFactory - HSEARCH000075: Missing value for configuration property 'hibernate.search.backend.lucene_version': using LATEST (currently '8.7.0'). Context: default backend
12:27:43.491 [restartedMain] INFO  o.s.o.j.LocalContainerEntityManagerFactoryBean - Initialized JPA EntityManagerFactory for persistence unit 'default'
12:27:44.207 [restartedMain] INFO  o.s.s.web.DefaultSecurityFilterChain - Will secure any request with [org.springframework.security.web.session.DisableEncodeUrlFilter@1628a29e, org.springframework.security.web.context.request.async.WebAsyncManagerIntegrationFilter@1bb503f, org.springframework.security.web.context.SecurityContextPersistenceFilter@167d2116, org.springframework.security.web.header.HeaderWriterFilter@701e8114, org.springframework.web.filter.CorsFilter@3e6b27d3, org.springframework.security.web.authentication.logout.LogoutFilter@c7e22f4, com.example.restaurantestimate.jwt.JwtAuthenticationFilter@70f8b560, com.example.restaurantestimate.exceptions.ExceptionFilter@7a038879, org.springframework.security.web.savedrequest.RequestCacheAwareFilter@3068b0f6, org.springframework.security.web.servletapi.SecurityContextHolderAwareRequestFilter@14b40731, org.springframework.security.web.authentication.AnonymousAuthenticationFilter@8e22ad8, org.springframework.security.web.session.SessionManagementFilter@4f3a334c, org.springframework.security.web.access.ExceptionTranslationFilter@31ca859b, org.springframework.security.web.access.intercept.AuthorizationFilter@14a07490]
12:27:44.304 [restartedMain] WARN  o.s.b.a.o.j.JpaBaseConfiguration$JpaWebConfiguration - spring.jpa.open-in-view is enabled by default. Therefore, database queries may be performed during view rendering. Explicitly configure spring.jpa.open-in-view to disable this warning
12:27:44.954 [restartedMain] INFO  o.s.b.d.a.OptionalLiveReloadServer - LiveReload server is running on port 35729
12:27:44.975 [restartedMain] INFO  o.a.coyote.http11.Http11NioProtocol - Starting ProtocolHandler ["http-nio-8080"]
12:27:45.001 [restartedMain] INFO  o.s.b.w.e.tomcat.TomcatWebServer - Tomcat started on port(s): 8080 (http) with context path ''
12:27:45.011 [restartedMain] INFO  c.e.r.RestaurantestimateApplication - Started RestaurantestimateApplication in 10.105 seconds (JVM running for 10.843)
12:28:11.585 [SpringApplicationShutdownHook] INFO  o.s.o.j.LocalContainerEntityManagerFactoryBean - Closing JPA EntityManagerFactory for persistence unit 'default'
12:28:11.594 [SpringApplicationShutdownHook] INFO  com.zaxxer.hikari.HikariDataSource - HikariPool-1 - Shutdown initiated...
12:28:12.338 [SpringApplicationShutdownHook] INFO  com.zaxxer.hikari.HikariDataSource - HikariPool-1 - Shutdown completed.
12:28:14.531 [restartedMain] INFO  c.e.r.RestaurantestimateApplication - Starting RestaurantestimateApplication using Java 17.0.8 on Mihail with PID 14328 (C:\Users\misha\restaurantestimate\target\classes started by misha in C:\Users\misha\restaurantestimate)
12:28:14.532 [restartedMain] INFO  c.e.r.RestaurantestimateApplication - No active profile set, falling back to 1 default profile: "default"
12:28:14.573 [restartedMain] INFO  o.s.b.d.e.DevToolsPropertyDefaultsPostProcessor - Devtools property defaults active! Set 'spring.devtools.add-properties' to 'false' to disable
12:28:14.574 [restartedMain] INFO  o.s.b.d.e.DevToolsPropertyDefaultsPostProcessor - For additional web related logging consider setting the 'logging.level.web' property to 'DEBUG'
12:28:15.266 [restartedMain] INFO  o.s.d.r.c.RepositoryConfigurationDelegate - Bootstrapping Spring Data JPA repositories in DEFAULT mode.
12:28:15.353 [restartedMain] INFO  o.s.d.r.c.RepositoryConfigurationDelegate - Finished Spring Data repository scanning in 78 ms. Found 7 JPA repository interfaces.
12:28:15.891 [restartedMain] INFO  o.s.b.w.e.tomcat.TomcatWebServer - Tomcat initialized with port(s): 8080 (http)
12:28:15.898 [restartedMain] INFO  o.a.coyote.http11.Http11NioProtocol - Initializing ProtocolHandler ["http-nio-8080"]
12:28:15.899 [restartedMain] INFO  o.a.catalina.core.StandardService - Starting service [Tomcat]
12:28:15.899 [restartedMain] INFO  o.a.catalina.core.StandardEngine - Starting Servlet engine: [Apache Tomcat/9.0.79]
12:28:15.992 [restartedMain] INFO  o.a.c.c.C.[Tomcat].[localhost].[/] - Initializing Spring embedded WebApplicationContext
12:28:15.992 [restartedMain] INFO  o.s.b.w.s.c.ServletWebServerApplicationContext - Root WebApplicationContext: initialization completed in 1418 ms
12:28:16.146 [restartedMain] INFO  o.h.jpa.internal.util.LogHelper - HHH000204: Processing PersistenceUnitInfo [name: default]
12:28:16.196 [restartedMain] INFO  org.hibernate.Version - HHH000412: Hibernate ORM core version 5.6.15.Final
12:28:16.313 [restartedMain] INFO  o.h.annotations.common.Version - HCANN000001: Hibernate Commons Annotations {5.1.2.Final}
12:28:16.401 [restartedMain] INFO  com.zaxxer.hikari.HikariDataSource - HikariPool-1 - Starting...
12:28:17.988 [restartedMain] INFO  com.zaxxer.hikari.HikariDataSource - HikariPool-1 - Start completed.
12:28:18.007 [restartedMain] INFO  org.hibernate.dialect.Dialect - HHH000400: Using dialect: org.hibernate.dialect.PostgreSQLDialect
12:28:18.482 [restartedMain] INFO  o.h.s.m.o.b.i.HibernateSearchIntegrator - HSEARCH000034: Hibernate Search version 6.0.5.Final
12:28:22.533 [restartedMain] INFO  o.h.e.t.j.p.i.JtaPlatformInitiator - HHH000490: Using JtaPlatform implementation: [org.hibernate.engine.transaction.jta.platform.internal.NoJtaPlatform]
12:28:22.652 [restartedMain] WARN  o.h.s.b.l.impl.LuceneBackendFactory - HSEARCH000075: Missing value for configuration property 'hibernate.search.backend.lucene_version': using LATEST (currently '8.7.0'). Context: default backend
12:28:22.809 [restartedMain] INFO  o.s.o.j.LocalContainerEntityManagerFactoryBean - Initialized JPA EntityManagerFactory for persistence unit 'default'
12:28:23.553 [restartedMain] INFO  o.s.s.web.DefaultSecurityFilterChain - Will secure any request with [org.springframework.security.web.session.DisableEncodeUrlFilter@34b4bd5, org.springframework.security.web.context.request.async.WebAsyncManagerIntegrationFilter@6f4c1229, org.springframework.security.web.context.SecurityContextPersistenceFilter@3a4eea72, org.springframework.security.web.header.HeaderWriterFilter@1b9b7528, org.springframework.web.filter.CorsFilter@6a69efb6, org.springframework.security.web.authentication.logout.LogoutFilter@25ad656c, com.example.restaurantestimate.jwt.JwtAuthenticationFilter@238a198c, com.example.restaurantestimate.exceptions.ExceptionFilter@c501ca8, org.springframework.security.web.savedrequest.RequestCacheAwareFilter@4b1eae0d, org.springframework.security.web.servletapi.SecurityContextHolderAwareRequestFilter@215a4e6b, org.springframework.security.web.authentication.AnonymousAuthenticationFilter@1336c3a0, org.springframework.security.web.session.SessionManagementFilter@4c62571f, org.springframework.security.web.access.ExceptionTranslationFilter@47345d12, org.springframework.security.web.access.intercept.AuthorizationFilter@3c3a1a37]
12:28:23.669 [restartedMain] WARN  o.s.b.a.o.j.JpaBaseConfiguration$JpaWebConfiguration - spring.jpa.open-in-view is enabled by default. Therefore, database queries may be performed during view rendering. Explicitly configure spring.jpa.open-in-view to disable this warning
12:28:24.348 [restartedMain] INFO  o.s.b.d.a.OptionalLiveReloadServer - LiveReload server is running on port 35729
12:28:24.369 [restartedMain] INFO  o.a.coyote.http11.Http11NioProtocol - Starting ProtocolHandler ["http-nio-8080"]
12:28:24.393 [restartedMain] INFO  o.s.b.w.e.tomcat.TomcatWebServer - Tomcat started on port(s): 8080 (http) with context path ''
12:28:24.405 [restartedMain] INFO  c.e.r.RestaurantestimateApplication - Started RestaurantestimateApplication in 10.189 seconds (JVM running for 11.031)
12:28:53.689 [SpringApplicationShutdownHook] INFO  o.s.o.j.LocalContainerEntityManagerFactoryBean - Closing JPA EntityManagerFactory for persistence unit 'default'
12:28:53.701 [SpringApplicationShutdownHook] INFO  com.zaxxer.hikari.HikariDataSource - HikariPool-1 - Shutdown initiated...
12:28:54.438 [SpringApplicationShutdownHook] INFO  com.zaxxer.hikari.HikariDataSource - HikariPool-1 - Shutdown completed.
